# JRE version: Java(TM) SE Runtime Environment (8.0_101-b13) (build 1.8.0_101-b13)
# Java VM: Java HotSpot(TM) 64-Bit Server VM (25.101-b13 mixed mode windows-amd64 compressed oops)
Heap:
 PSYoungGen      total 321536K, used 193366K [0x00000000eaf00000, 0x00000000fe980000, 0x0000000100000000)
  eden space 321024K, 60% used [0x00000000eaf00000,0x00000000f6bb0148,0x00000000fe880000)
  from space 512K, 29% used [0x00000000fe880000,0x00000000fe8a59a8,0x00000000fe900000)
  to   space 512K, 0% used [0x00000000fe900000,0x00000000fe900000,0x00000000fe980000)
 ParOldGen       total 37888K, used 9388K [0x00000000c0c00000, 0x00000000c3100000, 0x00000000eaf00000)
  object space 37888K, 24% used [0x00000000c0c00000,0x00000000c152b020,0x00000000c3100000)
 Metaspace       used 13315K, capacity 13506K, committed 13824K, reserved 1060864K
  class space    used 1608K, capacity 1691K, committed 1792K, reserved 1048576K
GC Heap History (10 events):
Event: 128.923 GC heap before
{Heap before GC invocations=225 (full 2):
 PSYoungGen      total 321536K, used 321171K [0x00000000eaf00000, 0x00000000fe980000, 0x0000000100000000)
  eden space 321024K, 100% used [0x00000000eaf00000,0x00000000fe880000,0x00000000fe880000)
  from space 512K, 28% used [0x00000000fe900000,0x00000000fe924d80,0x00000000fe980000)
  to   space 512K, 0% used [0x00000000fe880000,0x00000000fe880000,0x00000000fe900000)
 ParOldGen       total 37888K, used 9380K [0x00000000c0c00000, 0x00000000c3100000, 0x00000000eaf00000)
  object space 37888K, 24% used [0x00000000c0c00000,0x00000000c1529020,0x00000000c3100000)
 Metaspace       used 13262K, capacity 13442K, committed 13824K, reserved 1060864K
  class space    used 1608K, capacity 1691K, committed 1792K, reserved 1048576K
Event: 128.926 GC heap after
Heap after GC invocations=225 (full 2):
 PSYoungGen      total 321536K, used 135K [0x00000000eaf00000, 0x00000000fe980000, 0x0000000100000000)
  eden space 321024K, 0% used [0x00000000eaf00000,0x00000000eaf00000,0x00000000fe880000)
  from space 512K, 26% used [0x00000000fe880000,0x00000000fe8a1e58,0x00000000fe900000)
  to   space 512K, 0% used [0x00000000fe900000,0x00000000fe900000,0x00000000fe980000)
 ParOldGen       total 37888K, used 9380K [0x00000000c0c00000, 0x00000000c3100000, 0x00000000eaf00000)
  object space 37888K, 24% used [0x00000000c0c00000,0x00000000c1529020,0x00000000c3100000)
 Metaspace       used 13262K, capacity 13442K, committed 13824K, reserved 1060864K
  class space    used 1608K, capacity 1691K, committed 1792K, reserved 1048576K
}
Event: 129.013 GC heap before
{Heap before GC invocations=226 (full 2):
 PSYoungGen      total 321536K, used 321159K [0x00000000eaf00000, 0x00000000fe980000, 0x0000000100000000)
  eden space 321024K, 100% used [0x00000000eaf00000,0x00000000fe880000,0x00000000fe880000)
  from space 512K, 26% used [0x00000000fe880000,0x00000000fe8a1e58,0x00000000fe900000)
  to   space 512K, 0% used [0x00000000fe900000,0x00000000fe900000,0x00000000fe980000)
 ParOldGen       total 37888K, used 9380K [0x00000000c0c00000, 0x00000000c3100000, 0x00000000eaf00000)
  object space 37888K, 24% used [0x00000000c0c00000,0x00000000c1529020,0x00000000c3100000)
 Metaspace       used 13262K, capacity 13442K, committed 13824K, reserved 1060864K
  class space    used 1608K, capacity 1691K, committed 1792K, reserved 1048576K
Event: 129.014 GC heap after
Heap after GC invocations=226 (full 2):
 PSYoungGen      total 321536K, used 122K [0x00000000eaf00000, 0x00000000fe980000, 0x0000000100000000)
  eden space 321024K, 0% used [0x00000000eaf00000,0x00000000eaf00000,0x00000000fe880000)
  from space 512K, 23% used [0x00000000fe900000,0x00000000fe91ea08,0x00000000fe980000)
  to   space 512K, 0% used [0x00000000fe880000,0x00000000fe880000,0x00000000fe900000)
 ParOldGen       total 37888K, used 9380K [0x00000000c0c00000, 0x00000000c3100000, 0x00000000eaf00000)
  object space 37888K, 24% used [0x00000000c0c00000,0x00000000c1529020,0x00000000c3100000)
 Metaspace       used 13262K, capacity 13442K, committed 13824K, reserved 1060864K
  class space    used 1608K, capacity 1691K, committed 1792K, reserved 1048576K
}
Event: 130.837 GC heap before
{Heap before GC invocations=227 (full 2):
 PSYoungGen      total 321536K, used 321146K [0x00000000eaf00000, 0x00000000fe980000, 0x0000000100000000)
  eden space 321024K, 100% used [0x00000000eaf00000,0x00000000fe880000,0x00000000fe880000)
  from space 512K, 23% used [0x00000000fe900000,0x00000000fe91ea08,0x00000000fe980000)
  to   space 512K, 0% used [0x00000000fe880000,0x00000000fe880000,0x00000000fe900000)
 ParOldGen       total 37888K, used 9380K [0x00000000c0c00000, 0x00000000c3100000, 0x00000000eaf00000)
  object space 37888K, 24% used [0x00000000c0c00000,0x00000000c1529020,0x00000000c3100000)
 Metaspace       used 13264K, capacity 13442K, committed 13824K, reserved 1060864K
  class space    used 1608K, capacity 1691K, committed 1792K, reserved 1048576K
Event: 130.838 GC heap after
Heap after GC invocations=227 (full 2):
 PSYoungGen      total 321536K, used 177K [0x00000000eaf00000, 0x00000000fe980000, 0x0000000100000000)
  eden space 321024K, 0% used [0x00000000eaf00000,0x00000000eaf00000,0x00000000fe880000)
  from space 512K, 34% used [0x00000000fe880000,0x00000000fe8ac568,0x00000000fe900000)
  to   space 512K, 0% used [0x00000000fe900000,0x00000000fe900000,0x00000000fe980000)
 ParOldGen       total 37888K, used 9380K [0x00000000c0c00000, 0x00000000c3100000, 0x00000000eaf00000)
  object space 37888K, 24% used [0x00000000c0c00000,0x00000000c1529020,0x00000000c3100000)
 Metaspace       used 13264K, capacity 13442K, committed 13824K, reserved 1060864K
  class space    used 1608K, capacity 1691K, committed 1792K, reserved 1048576K
}
Event: 131.165 GC heap before
{Heap before GC invocations=228 (full 2):
 PSYoungGen      total 321536K, used 321201K [0x00000000eaf00000, 0x00000000fe980000, 0x0000000100000000)
  eden space 321024K, 100% used [0x00000000eaf00000,0x00000000fe880000,0x00000000fe880000)
  from space 512K, 34% used [0x00000000fe880000,0x00000000fe8ac568,0x00000000fe900000)
  to   space 512K, 0% used [0x00000000fe900000,0x00000000fe900000,0x00000000fe980000)
 ParOldGen       total 37888K, used 9380K [0x00000000c0c00000, 0x00000000c3100000, 0x00000000eaf00000)
  object space 37888K, 24% used [0x00000000c0c00000,0x00000000c1529020,0x00000000c3100000)
 Metaspace       used 13266K, capacity 13442K, committed 13824K, reserved 1060864K
  class space    used 1608K, capacity 1691K, committed 1792K, reserved 1048576K
Event: 131.166 GC heap after
Heap after GC invocations=228 (full 2):
 PSYoungGen      total 321536K, used 160K [0x00000000eaf00000, 0x00000000fe980000, 0x0000000100000000)
  eden space 321024K, 0% used [0x00000000eaf00000,0x00000000eaf00000,0x00000000fe880000)
  from space 512K, 31% used [0x00000000fe900000,0x00000000fe928020,0x00000000fe980000)
  to   space 512K, 0% used [0x00000000fe880000,0x00000000fe880000,0x00000000fe900000)
 ParOldGen       total 37888K, used 9388K [0x00000000c0c00000, 0x00000000c3100000, 0x00000000eaf00000)
  object space 37888K, 24% used [0x00000000c0c00000,0x00000000c152b020,0x00000000c3100000)
 Metaspace       used 13266K, capacity 13442K, committed 13824K, reserved 1060864K
  class space    used 1608K, capacity 1691K, committed 1792K, reserved 1048576K
}
Event: 131.251 GC heap before
{Heap before GC invocations=229 (full 2):
 PSYoungGen      total 321536K, used 321184K [0x00000000eaf00000, 0x00000000fe980000, 0x0000000100000000)
  eden space 321024K, 100% used [0x00000000eaf00000,0x00000000fe880000,0x00000000fe880000)
  from space 512K, 31% used [0x00000000fe900000,0x00000000fe928020,0x00000000fe980000)
  to   space 512K, 0% used [0x00000000fe880000,0x00000000fe880000,0x00000000fe900000)
 ParOldGen       total 37888K, used 9388K [0x00000000c0c00000, 0x00000000c3100000, 0x00000000eaf00000)
  object space 37888K, 24% used [0x00000000c0c00000,0x00000000c152b020,0x00000000c3100000)
 Metaspace       used 13266K, capacity 13442K, committed 13824K, reserved 1060864K
  class space    used 1608K, capacity 1691K, committed 1792K, reserved 1048576K
Event: 131.253 GC heap after
Heap after GC invocations=229 (full 2):
 PSYoungGen      total 321536K, used 150K [0x00000000eaf00000, 0x00000000fe980000, 0x0000000100000000)
  eden space 321024K, 0% used [0x00000000eaf00000,0x00000000eaf00000,0x00000000fe880000)
  from space 512K, 29% used [0x00000000fe880000,0x00000000fe8a59a8,0x00000000fe900000)
  to   space 512K, 0% used [0x00000000fe900000,0x00000000fe900000,0x00000000fe980000)
 ParOldGen       total 37888K, used 9388K [0x00000000c0c00000, 0x00000000c3100000, 0x00000000eaf00000)
  object space 37888K, 24% used [0x00000000c0c00000,0x00000000c152b020,0x00000000c3100000)
 Metaspace       used 13266K, capacity 13442K, committed 13824K, reserved 1060864K
  class space    used 1608K, capacity 1691K, committed 1792K, reserved 1048576K
}

