# JRE version: Java(TM) SE Runtime Environment (8.0_101-b13) (build 1.8.0_101-b13)
# Java VM: Java HotSpot(TM) 64-Bit Server VM (25.101-b13 mixed mode windows-amd64 compressed oops)
Heap:
 PSYoungGen      total 18944K, used 1400K [0x00000000eaf00000, 0x00000000ec600000, 0x0000000100000000)
  eden space 16384K, 8% used [0x00000000eaf00000,0x00000000eb05e248,0x00000000ebf00000)
  from space 2560K, 0% used [0x00000000ebf00000,0x00000000ebf00000,0x00000000ec180000)
  to   space 2560K, 0% used [0x00000000ec380000,0x00000000ec380000,0x00000000ec600000)
 ParOldGen       total 621568K, used 507506K [0x00000000c0c00000, 0x00000000e6b00000, 0x00000000eaf00000)
  object space 621568K, 81% used [0x00000000c0c00000,0x00000000dfb9c808,0x00000000e6b00000)
 Metaspace       used 11191K, capacity 11386K, committed 11648K, reserved 1058816K
  class space    used 1496K, capacity 1571K, committed 1664K, reserved 1048576K
GC Heap History (10 events):
Event: 3.000 GC heap before
{Heap before GC invocations=1 (full 0):
 PSYoungGen      total 18944K, used 16384K [0x00000000eaf00000, 0x00000000ec400000, 0x0000000100000000)
  eden space 16384K, 100% used [0x00000000eaf00000,0x00000000ebf00000,0x00000000ebf00000)
  from space 2560K, 0% used [0x00000000ec180000,0x00000000ec180000,0x00000000ec400000)
  to   space 2560K, 0% used [0x00000000ebf00000,0x00000000ebf00000,0x00000000ec180000)
 ParOldGen       total 44032K, used 0K [0x00000000c0c00000, 0x00000000c3700000, 0x00000000eaf00000)
  object space 44032K, 0% used [0x00000000c0c00000,0x00000000c0c00000,0x00000000c3700000)
 Metaspace       used 11127K, capacity 11338K, committed 11648K, reserved 1058816K
  class space    used 1492K, capacity 1577K, committed 1664K, reserved 1048576K
Event: 3.009 GC heap after
Heap after GC invocations=1 (full 0):
 PSYoungGen      total 18944K, used 1986K [0x00000000eaf00000, 0x00000000ec400000, 0x0000000100000000)
  eden space 16384K, 0% used [0x00000000eaf00000,0x00000000eaf00000,0x00000000ebf00000)
  from space 2560K, 77% used [0x00000000ebf00000,0x00000000ec0f0ac0,0x00000000ec180000)
  to   space 2560K, 0% used [0x00000000ec180000,0x00000000ec180000,0x00000000ec400000)
 ParOldGen       total 44032K, used 8K [0x00000000c0c00000, 0x00000000c3700000, 0x00000000eaf00000)
  object space 44032K, 0% used [0x00000000c0c00000,0x00000000c0c02000,0x00000000c3700000)
 Metaspace       used 11127K, capacity 11338K, committed 11648K, reserved 1058816K
  class space    used 1492K, capacity 1577K, committed 1664K, reserved 1048576K
}
Event: 22.415 GC heap before
{Heap before GC invocations=2 (full 0):
 PSYoungGen      total 18944K, used 12063K [0x00000000eaf00000, 0x00000000ec400000, 0x0000000100000000)
  eden space 16384K, 61% used [0x00000000eaf00000,0x00000000eb8d7188,0x00000000ebf00000)
  from space 2560K, 77% used [0x00000000ebf00000,0x00000000ec0f0ac0,0x00000000ec180000)
  to   space 2560K, 0% used [0x00000000ec180000,0x00000000ec180000,0x00000000ec400000)
 ParOldGen       total 546304K, used 501865K [0x00000000c0c00000, 0x00000000e2180000, 0x00000000eaf00000)
  object space 546304K, 91% used [0x00000000c0c00000,0x00000000df61a5c0,0x00000000e2180000)
 Metaspace       used 11157K, capacity 11402K, committed 11648K, reserved 1058816K
  class space    used 1492K, capacity 1577K, committed 1664K, reserved 1048576K
Event: 22.485 GC heap after
Heap after GC invocations=2 (full 0):
 PSYoungGen      total 18944K, used 2528K [0x00000000eaf00000, 0x00000000ec400000, 0x0000000100000000)
  eden space 16384K, 0% used [0x00000000eaf00000,0x00000000eaf00000,0x00000000ebf00000)
  from space 2560K, 98% used [0x00000000ec180000,0x00000000ec3f8010,0x00000000ec400000)
  to   space 2560K, 0% used [0x00000000ebf00000,0x00000000ebf00000,0x00000000ec180000)
 ParOldGen       total 546304K, used 505217K [0x00000000c0c00000, 0x00000000e2180000, 0x00000000eaf00000)
  object space 546304K, 92% used [0x00000000c0c00000,0x00000000df9605b0,0x00000000e2180000)
 Metaspace       used 11157K, capacity 11402K, committed 11648K, reserved 1058816K
  class space    used 1492K, capacity 1577K, committed 1664K, reserved 1048576K
}
Event: 22.485 GC heap before
{Heap before GC invocations=3 (full 1):
 PSYoungGen      total 18944K, used 2528K [0x00000000eaf00000, 0x00000000ec400000, 0x0000000100000000)
  eden space 16384K, 0% used [0x00000000eaf00000,0x00000000eaf00000,0x00000000ebf00000)
  from space 2560K, 98% used [0x00000000ec180000,0x00000000ec3f8010,0x00000000ec400000)
  to   space 2560K, 0% used [0x00000000ebf00000,0x00000000ebf00000,0x00000000ec180000)
 ParOldGen       total 546304K, used 505217K [0x00000000c0c00000, 0x00000000e2180000, 0x00000000eaf00000)
  object space 546304K, 92% used [0x00000000c0c00000,0x00000000df9605b0,0x00000000e2180000)
 Metaspace       used 11157K, capacity 11402K, committed 11648K, reserved 1058816K
  class space    used 1492K, capacity 1577K, committed 1664K, reserved 1048576K
Event: 23.789 GC heap after
Heap after GC invocations=3 (full 1):
 PSYoungGen      total 18944K, used 0K [0x00000000eaf00000, 0x00000000ec400000, 0x0000000100000000)
  eden space 16384K, 0% used [0x00000000eaf00000,0x00000000eaf00000,0x00000000ebf00000)
  from space 2560K, 0% used [0x00000000ec180000,0x00000000ec180000,0x00000000ec400000)
  to   space 2560K, 0% used [0x00000000ebf00000,0x00000000ebf00000,0x00000000ec180000)
 ParOldGen       total 621568K, used 507713K [0x00000000c0c00000, 0x00000000e6b00000, 0x00000000eaf00000)
  object space 621568K, 81% used [0x00000000c0c00000,0x00000000dfbd07e0,0x00000000e6b00000)
 Metaspace       used 11157K, capacity 11402K, committed 11648K, reserved 1058816K
  class space    used 1492K, capacity 1577K, committed 1664K, reserved 1048576K
}
Event: 23.789 GC heap before
{Heap before GC invocations=4 (full 1):
 PSYoungGen      total 18944K, used 0K [0x00000000eaf00000, 0x00000000ec400000, 0x0000000100000000)
  eden space 16384K, 0% used [0x00000000eaf00000,0x00000000eaf00000,0x00000000ebf00000)
  from space 2560K, 0% used [0x00000000ec180000,0x00000000ec180000,0x00000000ec400000)
  to   space 2560K, 0% used [0x00000000ebf00000,0x00000000ebf00000,0x00000000ec180000)
 ParOldGen       total 621568K, used 507713K [0x00000000c0c00000, 0x00000000e6b00000, 0x00000000eaf00000)
  object space 621568K, 81% used [0x00000000c0c00000,0x00000000dfbd07e0,0x00000000e6b00000)
 Metaspace       used 11157K, capacity 11402K, committed 11648K, reserved 1058816K
  class space    used 1492K, capacity 1577K, committed 1664K, reserved 1048576K
Event: 23.794 GC heap after
Heap after GC invocations=4 (full 1):
 PSYoungGen      total 18944K, used 0K [0x00000000eaf00000, 0x00000000ec600000, 0x0000000100000000)
  eden space 16384K, 0% used [0x00000000eaf00000,0x00000000eaf00000,0x00000000ebf00000)
  from space 2560K, 0% used [0x00000000ebf00000,0x00000000ebf00000,0x00000000ec180000)
  to   space 2560K, 0% used [0x00000000ec380000,0x00000000ec380000,0x00000000ec600000)
 ParOldGen       total 621568K, used 507713K [0x00000000c0c00000, 0x00000000e6b00000, 0x00000000eaf00000)
  object space 621568K, 81% used [0x00000000c0c00000,0x00000000dfbd07e0,0x00000000e6b00000)
 Metaspace       used 11157K, capacity 11402K, committed 11648K, reserved 1058816K
  class space    used 1492K, capacity 1577K, committed 1664K, reserved 1048576K
}
Event: 23.794 GC heap before
{Heap before GC invocations=5 (full 2):
 PSYoungGen      total 18944K, used 0K [0x00000000eaf00000, 0x00000000ec600000, 0x0000000100000000)
  eden space 16384K, 0% used [0x00000000eaf00000,0x00000000eaf00000,0x00000000ebf00000)
  from space 2560K, 0% used [0x00000000ebf00000,0x00000000ebf00000,0x00000000ec180000)
  to   space 2560K, 0% used [0x00000000ec380000,0x00000000ec380000,0x00000000ec600000)
 ParOldGen       total 621568K, used 507713K [0x00000000c0c00000, 0x00000000e6b00000, 0x00000000eaf00000)
  object space 621568K, 81% used [0x00000000c0c00000,0x00000000dfbd07e0,0x00000000e6b00000)
 Metaspace       used 11157K, capacity 11402K, committed 11648K, reserved 1058816K
  class space    used 1492K, capacity 1577K, committed 1664K, reserved 1048576K
Event: 23.828 GC heap after
Heap after GC invocations=5 (full 2):
 PSYoungGen      total 18944K, used 0K [0x00000000eaf00000, 0x00000000ec600000, 0x0000000100000000)
  eden space 16384K, 0% used [0x00000000eaf00000,0x00000000eaf00000,0x00000000ebf00000)
  from space 2560K, 0% used [0x00000000ebf00000,0x00000000ebf00000,0x00000000ec180000)
  to   space 2560K, 0% used [0x00000000ec380000,0x00000000ec380000,0x00000000ec600000)
 ParOldGen       total 621568K, used 507506K [0x00000000c0c00000, 0x00000000e6b00000, 0x00000000eaf00000)
  object space 621568K, 81% used [0x00000000c0c00000,0x00000000dfb9c808,0x00000000e6b00000)
 Metaspace       used 11147K, capacity 11386K, committed 11648K, reserved 1058816K
  class space    used 1489K, capacity 1571K, committed 1664K, reserved 1048576K
}

